<?xml version="1.0" encoding="UTF-8"?>
<!-- Generated by org.testng.reporters.JUnitReportReporter -->
<testsuite hostname="Shweta" failures="0" tests="1" name="runner.runner" time="10.902" errors="0" timestamp="2023-07-13T15:20:14 IST" skipped="0">
  <testcase classname="runner.runner" name="runScenario" time="10.902"/>
</testsuite> <!-- runner.runner -->
